\BOOKMARK [1][-]{section.1}{\376\377\000I\000n\000t\000r\000o\000d\000u\000c\000t\000i\000o\000n}{}% 1
\BOOKMARK [1][-]{section.2}{\376\377\000T\000h\000\351\000o\000r\000i\000e}{}% 2
\BOOKMARK [2][-]{subsection.2.1}{\376\377\000C\000o\000n\000d\000i\000t\000i\000o\000n\000s\000\040\000R\000\311\000C\000U\000P\000E\000X}{section.2}% 3
\BOOKMARK [2][-]{subsection.2.2}{\376\377\000G\000r\000a\000p\000h\000e\000s}{section.2}% 4
\BOOKMARK [3][-]{subsubsection.2.2.1}{\376\377\000I\000n\000t\000r\000o\000d\000u\000c\000t\000i\000o\000n\000\040\000a\000u\000x\000\040\000g\000r\000a\000p\000h\000e\000s}{subsection.2.2}% 5
\BOOKMARK [3][-]{subsubsection.2.2.2}{\376\377\000E\000n\000s\000e\000m\000b\000l\000e\000\040\000i\000n\000d\000\351\000p\000e\000n\000d\000a\000n\000t\000\040\000m\000a\000x\000i\000m\000a\000l}{subsection.2.2}% 6
\BOOKMARK [2][-]{subsection.2.3}{\376\377\000G\000r\000a\000p\000h\000e\000r\000\040\000s\000h\000e\000r\000b\000r\000o\000o\000k\000e}{section.2}% 7
\BOOKMARK [2][-]{subsection.2.4}{\376\377\000O\000r\000d\000i\000n\000a\000t\000e\000u\000r\000\040\000q\000u\000a\000n\000t\000i\000q\000u\000e\000\040\000\340\000\040\000a\000t\000o\000m\000e\000\040\000n\000e\000u\000t\000r\000e}{section.2}% 8
\BOOKMARK [2][-]{subsection.2.5}{\376\377\000T\000r\000o\000u\000v\000e\000r\000\040\000l\000'\000e\000n\000s\000e\000m\000b\000l\000e\000\040\000i\000n\000d\000\351\000p\000e\000n\000d\000a\000n\000t\000\040\000m\000a\000x\000i\000m\000a\000l\000\040\000\340\000\040\000l\000'\000a\000i\000d\000e\000\040\000d\000e\000\040\000l\000'\000o\000r\000d\000i\000n\000a\000t\000e\000u\000r\000\040\000q\000u\000a\000n\000t\000i\000q\000u\000e\000\040\000\340\000\040\000a\000t\000o\000m\000e\000\040\000n\000e\000u\000t\000r\000e}{section.2}% 9
\BOOKMARK [3][-]{subsubsection.2.5.1}{\376\377\000A\000l\000g\000o\000r\000i\000t\000h\000m\000e\000\040\000q\000u\000a\000n\000t\000i\000q\000u\000e\000\040\000a\000d\000i\000a\000b\000a\000t\000i\000q\000u\000e}{subsection.2.5}% 10
\BOOKMARK [3][-]{subsubsection.2.5.2}{\376\377\000A\000l\000g\000o\000r\000i\000t\000h\000m\000e\000\040\000d\000'\000o\000p\000t\000i\000m\000i\000s\000a\000t\000i\000o\000n\000\040\000a\000p\000p\000r\000o\000x\000i\000m\000a\000t\000i\000v\000e\000\040\000q\000u\000a\000n\000t\000i\000q\000u\000e}{subsection.2.5}% 11
\BOOKMARK [2][-]{subsection.2.6}{\376\377\000E\000n\000s\000e\000m\000b\000l\000e\000\040\000m\000a\000x\000i\000m\000a\000l\000\040\000i\000n\000d\000\351\000p\000e\000n\000d\000a\000n\000t\000\040\000e\000n\000\040\000s\000o\000u\000s\000-\000g\000r\000a\000p\000h\000e}{section.2}% 12
\BOOKMARK [1][-]{section.3}{\376\377\000M\000\351\000t\000h\000o\000d\000o\000l\000o\000g\000i\000e}{}% 13
\BOOKMARK [2][-]{subsection.3.1}{\376\377\000T\000r\000i\000\040\000d\000e\000\040\000l\000'\000e\000m\000p\000l\000a\000c\000e\000m\000e\000n\000t\000\040\000a\000c\000t\000u\000e\000l\000\040\000d\000e\000s\000\040\000b\000a\000c\000s}{section.3}% 14
\BOOKMARK [2][-]{subsection.3.2}{\376\377\000R\000a\000f\000i\000n\000e\000r\000\040\000l\000a\000\040\000l\000i\000s\000t\000e\000\040\000d\000e\000s\000\040\000e\000n\000d\000r\000o\000i\000t\000s\000\040\000p\000o\000s\000s\000i\000b\000l\000e\000s}{section.3}% 15
\BOOKMARK [2][-]{subsection.3.3}{\376\377\000T\000r\000o\000u\000v\000e\000r\000\040\000l\000e\000s\000\040\000n\000o\000u\000v\000e\000a\000u\000x\000\040\000e\000n\000d\000r\000o\000i\000t\000s\000\040\000d\000e\000s\000\040\000b\000a\000c\000s\000\040\000r\000e\000t\000i\000r\000\351\000s}{section.3}% 16
\BOOKMARK [1][-]{section.4}{\376\377\000R\000\351\000s\000u\000l\000t\000a\000t\000s}{}% 17
\BOOKMARK [1][-]{section.5}{\376\377\000D\000i\000s\000c\000u\000s\000s\000i\000o\000n}{}% 18
\BOOKMARK [1][-]{section.6}{\376\377\000C\000o\000n\000c\000l\000u\000s\000i\000o\000n}{}% 19
\BOOKMARK [1][-]{section.7}{\376\377\000\300\000\040\000e\000x\000p\000l\000o\000r\000e\000r\000\040\000\050\000f\000u\000t\000u\000r\000\040\000w\000o\000r\000k\000s\000\051}{}% 20
\BOOKMARK [1][-]{section.8}{\376\377\000R\000\351\000f\000\351\000r\000e\000n\000c\000e\000s}{}% 21
\BOOKMARK [1][-]{section.9}{\376\377\000A\000n\000n\000e\000x\000e}{}% 22
